Using pre-set license
Built from '2021.1/staging' branch; Version is '2021.1.5f1 (3737af19df53) revision 3618735'; Using compiler version '192528614'; Build Type 'Release'
OS: 'Windows 10 Home; OS build 19043.1081; Version 2009; 64bit' Language: 'en' Physical Memory: 49019 MB
BatchMode: 1, IsHumanControllingUs: 0, StartBugReporterOnCrash: 0, Is64bit: 1, IsPro: 0

 COMMAND LINE ARGUMENTS:
G:\Unity\2021.1.5f1\Editor\Unity.exe
-adb2
-batchMode
-noUpm
-name
AssetImportWorker0
-projectPath
G:/Coding/Unity Projects/Escape_Room_FGJ
-logFile
Logs/AssetImportWorker0.log
-srvPort
1035
Successfully changed project path to: G:/Coding/Unity Projects/Escape_Room_FGJ
G:/Coding/Unity Projects/Escape_Room_FGJ
Using Asset Import Pipeline V2.
Refreshing native plugins compatible for Editor in 66.69 ms, found 1 plugins.
Preloading 0 native plugins for Editor in 0.00 ms.
Initialize engine version: 2021.1.5f1 (3737af19df53)
[Subsystems] Discovering subsystems at path G:/Unity/2021.1.5f1/Editor/Data/Resources/UnitySubsystems
[Subsystems] Discovering subsystems at path G:/Coding/Unity Projects/Escape_Room_FGJ/Assets
GfxDevice: creating device client; threaded=0; jobified=0
Direct3D:
    Version:  Direct3D 11.0 [level 11.1]
    Renderer: NVIDIA GeForce GTX 970 (ID=0x13c2)
    Vendor:   NVIDIA
    VRAM:     4043 MB
    Driver:   30.0.14.7111
Initialize mono
Mono path[0] = 'G:/Unity/2021.1.5f1/Editor/Data/Managed'
Mono path[1] = 'G:/Unity/2021.1.5f1/Editor/Data/MonoBleedingEdge/lib/mono/unityjit'
Mono config path = 'G:/Unity/2021.1.5f1/Editor/Data/MonoBleedingEdge/etc'
Using monoOptions --debugger-agent=transport=dt_socket,embedding=1,server=y,suspend=n,address=127.0.0.1:56308
Begin MonoManager ReloadAssembly
Registering precompiled unity dll's ...
Register platform support module: G:/Unity/2021.1.5f1/Editor/Data/PlaybackEngines/WebGLSupport/UnityEditor.WebGL.Extensions.dll
Register platform support module: G:/Unity/2021.1.5f1/Editor/Data/PlaybackEngines/WindowsStandaloneSupport/UnityEditor.WindowsStandalone.Extensions.dll
Registered in 0.001411 seconds.
Native extension for WindowsStandalone target not found
Native extension for WebGL target not found
Refreshing native plugins compatible for Editor in 66.67 ms, found 1 plugins.
Preloading 0 native plugins for Editor in 0.00 ms.
Mono: successfully reloaded assembly
- Completed reload, in  1.216 seconds
Platform modules already initialized, skipping
Registering precompiled user dll's ...
Registered in 0.002738 seconds.
Begin MonoManager ReloadAssembly
Native extension for WindowsStandalone target not found
Native extension for WebGL target not found
Refreshing native plugins compatible for Editor in 0.45 ms, found 1 plugins.
Preloading 0 native plugins for Editor in 0.00 ms.
Mono: successfully reloaded assembly
- Completed reload, in  0.824 seconds
Platform modules already initialized, skipping
========================================================================
Worker process is ready to serve import requests
Launched and connected shader compiler UnityShaderCompiler.exe after 0.04 seconds
Refreshing native plugins compatible for Editor in 0.49 ms, found 1 plugins.
Preloading 0 native plugins for Editor in 0.00 ms.
Unloading 2665 Unused Serialized files (Serialized files now loaded: 0)
System memory in use before: 98.0 MB.
System memory in use after: 98.2 MB.

Unloading 15 unused Assets to reduce memory usage. Loaded Objects now: 3117.
Total: 1.968500 ms (FindLiveObjects: 0.191000 ms CreateObjectMapping: 0.109800 ms MarkObjects: 1.603000 ms  DeleteObjects: 0.063500 ms)

========================================================================
Received Import Request.
  path: Assets
  artifactKey: Guid(00000000000000001000000000000000) Importer(815301076,1909f56bfc062723c751e8b465ee728b)
Start importing Assets using Guid(00000000000000001000000000000000) Importer(815301076,1909f56bfc062723c751e8b465ee728b)  -> (artifact id: '42d402b061de3733987d63b9cc3b64de') in 0.004190 seconds 
========================================================================
Received Import Request.
  Time since last request: 0.460467 seconds.
  path: Assets/Prefabs
  artifactKey: Guid(82fdea399468d4f4ab02de4149ddf961) Importer(815301076,1909f56bfc062723c751e8b465ee728b)
Start importing Assets/Prefabs using Guid(82fdea399468d4f4ab02de4149ddf961) Importer(815301076,1909f56bfc062723c751e8b465ee728b)  -> (artifact id: 'b4f110ec7a2a4b4563159c4afe8f8002') in 0.001689 seconds 
========================================================================
Received Import Request.
  Time since last request: 18.569484 seconds.
  path: Assets/Scripts
  artifactKey: Guid(79c34c1ad79af1445942d56ba2ab6199) Importer(815301076,1909f56bfc062723c751e8b465ee728b)
Start importing Assets/Scripts using Guid(79c34c1ad79af1445942d56ba2ab6199) Importer(815301076,1909f56bfc062723c751e8b465ee728b)  -> (artifact id: '5f3ed5159c5d5eb7508121a10cc58944') in 0.001477 seconds 
========================================================================
Received Import Request.
  Time since last request: 20.954257 seconds.
  path: Assets/Materials
  artifactKey: Guid(b5ca8f7da56dbe14ab1e945b923a6816) Importer(815301076,1909f56bfc062723c751e8b465ee728b)
Start importing Assets/Materials using Guid(b5ca8f7da56dbe14ab1e945b923a6816) Importer(815301076,1909f56bfc062723c751e8b465ee728b)  -> (artifact id: 'ad422c997e10cbb8db485700f21d5e9f') in 0.001701 seconds 
========================================================================
Received Import Request.
  Time since last request: 31.777988 seconds.
  path: Assets/Meshes
  artifactKey: Guid(7766e149d7dfa244597a30bbb2262ab9) Importer(815301076,1909f56bfc062723c751e8b465ee728b)
Start importing Assets/Meshes using Guid(7766e149d7dfa244597a30bbb2262ab9) Importer(815301076,1909f56bfc062723c751e8b465ee728b)  -> (artifact id: 'bb484c196a557a96a651fe4705617133') in 0.002117 seconds 
========================================================================
Received Import Request.
  Time since last request: 356.893471 seconds.
  path: Assets/InputActions
  artifactKey: Guid(27faa54083d7258408529196ad47eb98) Importer(815301076,1909f56bfc062723c751e8b465ee728b)
Start importing Assets/InputActions using Guid(27faa54083d7258408529196ad47eb98) Importer(815301076,1909f56bfc062723c751e8b465ee728b)  -> (artifact id: '36c75acd4a407d810529bb3aca8d08be') in 0.001525 seconds 
========================================================================
Received Prepare
Registering precompiled user dll's ...
Registered in 0.002605 seconds.
Begin MonoManager ReloadAssembly
Native extension for WindowsStandalone target not found
Native extension for WebGL target not found
Refreshing native plugins compatible for Editor in 0.49 ms, found 1 plugins.
Preloading 0 native plugins for Editor in 0.00 ms.
Mono: successfully reloaded assembly
- Completed reload, in  0.633 seconds
Platform modules already initialized, skipping
Refreshing native plugins compatible for Editor in 0.61 ms, found 1 plugins.
Preloading 0 native plugins for Editor in 0.00 ms.
Unloading 2956 Unused Serialized files (Serialized files now loaded: 0)
System memory in use before: 106.9 MB.
System memory in use after: 107.1 MB.

Unloading 8 unused Assets to reduce memory usage. Loaded Objects now: 3413.
Total: 2.652200 ms (FindLiveObjects: 0.333500 ms CreateObjectMapping: 0.209400 ms MarkObjects: 2.040100 ms  DeleteObjects: 0.067700 ms)

AssetImportWorkerClient::OnTransportError - code=2 error=End of file
